This is pdfTeX, Version 3.1415926-1.40.10 (TeX Live 2009/Debian) (format=pdflatex 2014.8.8)  20 AUG 2014 17:24
entering extended mode
 \write18 enabled.
 %&-line parsing enabled.
**main.tex
(./main.tex
LaTeX2e <2009/09/24>
Babel <v3.8l> and hyphenation patterns for english, usenglishmax, dumylang, noh
yphenation, loaded.
(/usr/share/texmf-texlive/tex/latex/base/article.cls
Document Class: article 2007/10/19 v1.4h Standard LaTeX document class
(/usr/share/texmf-texlive/tex/latex/base/size10.clo
File: size10.clo 2007/10/19 v1.4h Standard LaTeX file (size option)
)
\c@part=\count79
\c@section=\count80
\c@subsection=\count81
\c@subsubsection=\count82
\c@paragraph=\count83
\c@subparagraph=\count84
\c@figure=\count85
\c@table=\count86
\abovecaptionskip=\skip41
\belowcaptionskip=\skip42
\bibindent=\dimen102
)
(/usr/share/texmf-texlive/tex/latex/base/inputenc.sty
Package: inputenc 2008/03/30 v1.1d Input encoding file
\inpenc@prehook=\toks14
\inpenc@posthook=\toks15

(/usr/share/texmf-texlive/tex/latex/base/utf8.def
File: utf8.def 2008/04/05 v1.1m UTF-8 support for inputenc
Now handling font encoding OML ...
... no UTF-8 mapping file for font encoding OML
Now handling font encoding T1 ...
... processing UTF-8 mapping file for font encoding T1

(/usr/share/texmf-texlive/tex/latex/base/t1enc.dfu
File: t1enc.dfu 2008/04/05 v1.1m UTF-8 support for inputenc
   defining Unicode char U+00A1 (decimal 161)
   defining Unicode char U+00A3 (decimal 163)
   defining Unicode char U+00AB (decimal 171)
   defining Unicode char U+00BB (decimal 187)
   defining Unicode char U+00BF (decimal 191)
   defining Unicode char U+00C0 (decimal 192)
   defining Unicode char U+00C1 (decimal 193)
   defining Unicode char U+00C2 (decimal 194)
   defining Unicode char U+00C3 (decimal 195)
   defining Unicode char U+00C4 (decimal 196)
   defining Unicode char U+00C5 (decimal 197)
   defining Unicode char U+00C6 (decimal 198)
   defining Unicode char U+00C7 (decimal 199)
   defining Unicode char U+00C8 (decimal 200)
   defining Unicode char U+00C9 (decimal 201)
   defining Unicode char U+00CA (decimal 202)
   defining Unicode char U+00CB (decimal 203)
   defining Unicode char U+00CC (decimal 204)
   defining Unicode char U+00CD (decimal 205)
   defining Unicode char U+00CE (decimal 206)
   defining Unicode char U+00CF (decimal 207)
   defining Unicode char U+00D0 (decimal 208)
   defining Unicode char U+00D1 (decimal 209)
   defining Unicode char U+00D2 (decimal 210)
   defining Unicode char U+00D3 (decimal 211)
   defining Unicode char U+00D4 (decimal 212)
   defining Unicode char U+00D5 (decimal 213)
   defining Unicode char U+00D6 (decimal 214)
   defining Unicode char U+00D8 (decimal 216)
   defining Unicode char U+00D9 (decimal 217)
   defining Unicode char U+00DA (decimal 218)
   defining Unicode char U+00DB (decimal 219)
   defining Unicode char U+00DC (decimal 220)
   defining Unicode char U+00DD (decimal 221)
   defining Unicode char U+00DE (decimal 222)
   defining Unicode char U+00DF (decimal 223)
   defining Unicode char U+00E0 (decimal 224)
   defining Unicode char U+00E1 (decimal 225)
   defining Unicode char U+00E2 (decimal 226)
   defining Unicode char U+00E3 (decimal 227)
   defining Unicode char U+00E4 (decimal 228)
   defining Unicode char U+00E5 (decimal 229)
   defining Unicode char U+00E6 (decimal 230)
   defining Unicode char U+00E7 (decimal 231)
   defining Unicode char U+00E8 (decimal 232)
   defining Unicode char U+00E9 (decimal 233)
   defining Unicode char U+00EA (decimal 234)
   defining Unicode char U+00EB (decimal 235)
   defining Unicode char U+00EC (decimal 236)
   defining Unicode char U+00ED (decimal 237)
   defining Unicode char U+00EE (decimal 238)
   defining Unicode char U+00EF (decimal 239)
   defining Unicode char U+00F0 (decimal 240)
   defining Unicode char U+00F1 (decimal 241)
   defining Unicode char U+00F2 (decimal 242)
   defining Unicode char U+00F3 (decimal 243)
   defining Unicode char U+00F4 (decimal 244)
   defining Unicode char U+00F5 (decimal 245)
   defining Unicode char U+00F6 (decimal 246)
   defining Unicode char U+00F8 (decimal 248)
   defining Unicode char U+00F9 (decimal 249)
   defining Unicode char U+00FA (decimal 250)
   defining Unicode char U+00FB (decimal 251)
   defining Unicode char U+00FC (decimal 252)
   defining Unicode char U+00FD (decimal 253)
   defining Unicode char U+00FE (decimal 254)
   defining Unicode char U+00FF (decimal 255)
   defining Unicode char U+0102 (decimal 258)
   defining Unicode char U+0103 (decimal 259)
   defining Unicode char U+0104 (decimal 260)
   defining Unicode char U+0105 (decimal 261)
   defining Unicode char U+0106 (decimal 262)
   defining Unicode char U+0107 (decimal 263)
   defining Unicode char U+010C (decimal 268)
   defining Unicode char U+010D (decimal 269)
   defining Unicode char U+010E (decimal 270)
   defining Unicode char U+010F (decimal 271)
   defining Unicode char U+0110 (decimal 272)
   defining Unicode char U+0111 (decimal 273)
   defining Unicode char U+0118 (decimal 280)
   defining Unicode char U+0119 (decimal 281)
   defining Unicode char U+011A (decimal 282)
   defining Unicode char U+011B (decimal 283)
   defining Unicode char U+011E (decimal 286)
   defining Unicode char U+011F (decimal 287)
   defining Unicode char U+0130 (decimal 304)
   defining Unicode char U+0131 (decimal 305)
   defining Unicode char U+0132 (decimal 306)
   defining Unicode char U+0133 (decimal 307)
   defining Unicode char U+0139 (decimal 313)
   defining Unicode char U+013A (decimal 314)
   defining Unicode char U+013D (decimal 317)
   defining Unicode char U+013E (decimal 318)
   defining Unicode char U+0141 (decimal 321)
   defining Unicode char U+0142 (decimal 322)
   defining Unicode char U+0143 (decimal 323)
   defining Unicode char U+0144 (decimal 324)
   defining Unicode char U+0147 (decimal 327)
   defining Unicode char U+0148 (decimal 328)
   defining Unicode char U+014A (decimal 330)
   defining Unicode char U+014B (decimal 331)
   defining Unicode char U+0150 (decimal 336)
   defining Unicode char U+0151 (decimal 337)
   defining Unicode char U+0152 (decimal 338)
   defining Unicode char U+0153 (decimal 339)
   defining Unicode char U+0154 (decimal 340)
   defining Unicode char U+0155 (decimal 341)
   defining Unicode char U+0158 (decimal 344)
   defining Unicode char U+0159 (decimal 345)
   defining Unicode char U+015A (decimal 346)
   defining Unicode char U+015B (decimal 347)
   defining Unicode char U+015E (decimal 350)
   defining Unicode char U+015F (decimal 351)
   defining Unicode char U+0160 (decimal 352)
   defining Unicode char U+0161 (decimal 353)
   defining Unicode char U+0162 (decimal 354)
   defining Unicode char U+0163 (decimal 355)
   defining Unicode char U+0164 (decimal 356)
   defining Unicode char U+0165 (decimal 357)
   defining Unicode char U+016E (decimal 366)
   defining Unicode char U+016F (decimal 367)
   defining Unicode char U+0170 (decimal 368)
   defining Unicode char U+0171 (decimal 369)
   defining Unicode char U+0178 (decimal 376)
   defining Unicode char U+0179 (decimal 377)
   defining Unicode char U+017A (decimal 378)
   defining Unicode char U+017B (decimal 379)
   defining Unicode char U+017C (decimal 380)
   defining Unicode char U+017D (decimal 381)
   defining Unicode char U+017E (decimal 382)
   defining Unicode char U+200C (decimal 8204)
   defining Unicode char U+2013 (decimal 8211)
   defining Unicode char U+2014 (decimal 8212)
   defining Unicode char U+2018 (decimal 8216)
   defining Unicode char U+2019 (decimal 8217)
   defining Unicode char U+201A (decimal 8218)
   defining Unicode char U+201C (decimal 8220)
   defining Unicode char U+201D (decimal 8221)
   defining Unicode char U+201E (decimal 8222)
   defining Unicode char U+2030 (decimal 8240)
   defining Unicode char U+2031 (decimal 8241)
   defining Unicode char U+2039 (decimal 8249)
   defining Unicode char U+203A (decimal 8250)
   defining Unicode char U+2423 (decimal 9251)
)
Now handling font encoding OT1 ...
... processing UTF-8 mapping file for font encoding OT1

(/usr/share/texmf-texlive/tex/latex/base/ot1enc.dfu
File: ot1enc.dfu 2008/04/05 v1.1m UTF-8 support for inputenc
   defining Unicode char U+00A1 (decimal 161)
   defining Unicode char U+00A3 (decimal 163)
   defining Unicode char U+00B8 (decimal 184)
   defining Unicode char U+00BF (decimal 191)
   defining Unicode char U+00C5 (decimal 197)
   defining Unicode char U+00C6 (decimal 198)
   defining Unicode char U+00D8 (decimal 216)
   defining Unicode char U+00DF (decimal 223)
   defining Unicode char U+00E6 (decimal 230)
   defining Unicode char U+00EC (decimal 236)
   defining Unicode char U+00ED (decimal 237)
   defining Unicode char U+00EE (decimal 238)
   defining Unicode char U+00EF (decimal 239)
   defining Unicode char U+00F8 (decimal 248)
   defining Unicode char U+0131 (decimal 305)
   defining Unicode char U+0141 (decimal 321)
   defining Unicode char U+0142 (decimal 322)
   defining Unicode char U+0152 (decimal 338)
   defining Unicode char U+0153 (decimal 339)
   defining Unicode char U+2013 (decimal 8211)
   defining Unicode char U+2014 (decimal 8212)
   defining Unicode char U+2018 (decimal 8216)
   defining Unicode char U+2019 (decimal 8217)
   defining Unicode char U+201C (decimal 8220)
   defining Unicode char U+201D (decimal 8221)
)
Now handling font encoding OMS ...
... processing UTF-8 mapping file for font encoding OMS

(/usr/share/texmf-texlive/tex/latex/base/omsenc.dfu
File: omsenc.dfu 2008/04/05 v1.1m UTF-8 support for inputenc
   defining Unicode char U+00A7 (decimal 167)
   defining Unicode char U+00B6 (decimal 182)
   defining Unicode char U+00B7 (decimal 183)
   defining Unicode char U+2020 (decimal 8224)
   defining Unicode char U+2021 (decimal 8225)
   defining Unicode char U+2022 (decimal 8226)
)
Now handling font encoding OMX ...
... no UTF-8 mapping file for font encoding OMX
Now handling font encoding U ...
... no UTF-8 mapping file for font encoding U
   defining Unicode char U+00A9 (decimal 169)
   defining Unicode char U+00AA (decimal 170)
   defining Unicode char U+00AE (decimal 174)
   defining Unicode char U+00BA (decimal 186)
   defining Unicode char U+02C6 (decimal 710)
   defining Unicode char U+02DC (decimal 732)
   defining Unicode char U+200C (decimal 8204)
   defining Unicode char U+2026 (decimal 8230)
   defining Unicode char U+2122 (decimal 8482)
   defining Unicode char U+2423 (decimal 9251)
)) (./python.sty
Package: python 2011/12/22 v0.3 Python in LaTeX

(/usr/share/texmf/tex/latex/etoolbox/etoolbox.sty
Package: etoolbox 2011/01/03 v2.1 e-TeX tools for LaTeX

(/usr/share/texmf-texlive/tex/latex/etex-pkg/etex.sty
Package: etex 1998/03/26 v2.0 eTeX basic definition package (PEB)
\et@xins=\count87
)
\etb@tempcnta=\count88
)
(/usr/share/texmf-texlive/tex/latex/tools/verbatim.sty
Package: verbatim 2003/08/22 v1.5q LaTeX2e package for verbatim enhancements
\every@verbatim=\toks16
\verbatim@line=\toks17
\verbatim@in@stream=\read1
)
(/usr/share/texmf-texlive/tex/latex/graphics/color.sty
Package: color 2005/11/14 v1.0j Standard LaTeX Color (DPC)

(/etc/texmf/tex/latex/config/color.cfg
File: color.cfg 2007/01/18 v1.5 color configuration of teTeX/TeXLive
)
Package color Info: Driver file: pdftex.def on input line 130.

(/usr/share/texmf-texlive/tex/latex/pdftex-def/pdftex.def
File: pdftex.def 2010/03/12 v0.04p Graphics/color for pdfTeX
\Gread@gobject=\count89
))
(/usr/share/texmf-texlive/tex/latex/ifplatform/ifplatform.sty
Package: ifplatform 2009/09/10 v0.3a Testing for the operating system

(/usr/share/texmf-texlive/tex/generic/oberdiek/pdftexcmds.sty
Package: pdftexcmds 2009/09/23 v0.6 LuaTeX support for pdfTeX utility functions
 (HO)

(/usr/share/texmf-texlive/tex/generic/oberdiek/infwarerr.sty
Package: infwarerr 2007/09/09 v1.2 Providing info/warning/message (HO)
)
(/usr/share/texmf-texlive/tex/generic/oberdiek/ifluatex.sty
Package: ifluatex 2009/04/17 v1.2 Provides the ifluatex switch (HO)
Package ifluatex Info: LuaTeX not detected.
)
(/usr/share/texmf-texlive/tex/generic/oberdiek/ltxcmds.sty
Package: ltxcmds 2009/08/05 v1.0 Some LaTeX kernel commands for general use (HO
)
)
Package pdftexcmds Info: LuaTeX not detected.
Package pdftexcmds Info: \pdf@primitive is available.
Package pdftexcmds Info: \pdf@ifprimitive is available.
)
(/usr/share/texmf-texlive/tex/generic/oberdiek/catchfile.sty
Package: catchfile 2007/11/11 v1.2 Catches the contents of a file (HO)
)
runsystem(uname -s > "main.w18")...executed.

 (./main.w18)
runsystem(rm -- "main.w18")...executed.

)
\@out=\write3
\@module=\write4
\@retcode=\read2
\c@@PythonEnvironmentCounter=\count90
)
(/usr/share/texmf-texlive/tex/latex/graphics/graphicx.sty
Package: graphicx 1999/02/16 v1.0f Enhanced LaTeX Graphics (DPC,SPQR)

(/usr/share/texmf-texlive/tex/latex/graphics/keyval.sty
Package: keyval 1999/03/16 v1.13 key=value parser (DPC)
\KV@toks@=\toks18
)
(/usr/share/texmf-texlive/tex/latex/graphics/graphics.sty
Package: graphics 2009/02/05 v1.0o Standard LaTeX Graphics (DPC,SPQR)

(/usr/share/texmf-texlive/tex/latex/graphics/trig.sty
Package: trig 1999/03/16 v1.09 sin cos tan (DPC)
)
(/etc/texmf/tex/latex/config/graphics.cfg
File: graphics.cfg 2009/08/28 v1.8 graphics configuration of TeX Live
)
Package graphics Info: Driver file: pdftex.def on input line 91.
)
\Gin@req@height=\dimen103
\Gin@req@width=\dimen104
)
(/usr/share/texmf-texlive/tex/latex/preprint/fullpage.sty
Package: fullpage 1999/02/23 1.1 (PWD)
\FP@margin=\skip43
)
(/usr/share/texmf-texlive/tex/latex/caption/caption.sty
Package: caption 2009/10/09 v3.1k Customizing captions (AR)

(/usr/share/texmf-texlive/tex/latex/caption/caption3.sty
Package: caption3 2009/10/09 v3.1k caption3 kernel (AR)
\captionmargin=\dimen105
\captionmargin@=\dimen106
\captionwidth=\dimen107
\caption@indent=\dimen108
\caption@parindent=\dimen109
\caption@hangindent=\dimen110
)
\c@ContinuedFloat=\count91
)
(/usr/share/texmf-texlive/tex/latex/caption/subcaption.sty
Package: subcaption 2008/08/31 v1.0b Adding subcaptions (AR)
\c@subfigure=\count92
\c@subtable=\count93
) (./main.aux

LaTeX Warning: Label `fig:gull' multiply defined.


LaTeX Warning: Label `sub@fig:gull' multiply defined.


LaTeX Warning: Label `fig:mouse' multiply defined.


LaTeX Warning: Label `sub@fig:mouse' multiply defined.


LaTeX Warning: Label `fig:animals' multiply defined.


LaTeX Warning: Label `fig:gull' multiply defined.


LaTeX Warning: Label `sub@fig:gull' multiply defined.


LaTeX Warning: Label `fig:mouse' multiply defined.


LaTeX Warning: Label `sub@fig:mouse' multiply defined.


LaTeX Warning: Label `fig:animals' multiply defined.


LaTeX Warning: Label `fig:gull' multiply defined.


LaTeX Warning: Label `sub@fig:gull' multiply defined.


LaTeX Warning: Label `fig:mouse' multiply defined.


LaTeX Warning: Label `sub@fig:mouse' multiply defined.


LaTeX Warning: Label `fig:animals' multiply defined.


LaTeX Warning: Label `fig:gull' multiply defined.


LaTeX Warning: Label `sub@fig:gull' multiply defined.


LaTeX Warning: Label `fig:mouse' multiply defined.


LaTeX Warning: Label `sub@fig:mouse' multiply defined.


LaTeX Warning: Label `fig:animals' multiply defined.


LaTeX Warning: Label `fig:gull' multiply defined.


LaTeX Warning: Label `sub@fig:gull' multiply defined.


LaTeX Warning: Label `fig:mouse' multiply defined.


LaTeX Warning: Label `sub@fig:mouse' multiply defined.


LaTeX Warning: Label `fig:animals' multiply defined.


LaTeX Warning: Label `fig:gull' multiply defined.


LaTeX Warning: Label `sub@fig:gull' multiply defined.


LaTeX Warning: Label `fig:mouse' multiply defined.


LaTeX Warning: Label `sub@fig:mouse' multiply defined.


LaTeX Warning: Label `fig:animals' multiply defined.


LaTeX Warning: Label `fig:gull' multiply defined.


LaTeX Warning: Label `sub@fig:gull' multiply defined.


LaTeX Warning: Label `fig:mouse' multiply defined.


LaTeX Warning: Label `sub@fig:mouse' multiply defined.


LaTeX Warning: Label `fig:animals' multiply defined.


LaTeX Warning: Label `fig:gull' multiply defined.


LaTeX Warning: Label `sub@fig:gull' multiply defined.


LaTeX Warning: Label `fig:mouse' multiply defined.


LaTeX Warning: Label `sub@fig:mouse' multiply defined.


LaTeX Warning: Label `fig:animals' multiply defined.


LaTeX Warning: Label `fig:gull' multiply defined.


LaTeX Warning: Label `sub@fig:gull' multiply defined.


LaTeX Warning: Label `fig:mouse' multiply defined.


LaTeX Warning: Label `sub@fig:mouse' multiply defined.


LaTeX Warning: Label `fig:animals' multiply defined.

)
\openout1 = `main.aux'.

LaTeX Font Info:    Checking defaults for OML/cmm/m/it on input line 12.
LaTeX Font Info:    ... okay on input line 12.
LaTeX Font Info:    Checking defaults for T1/cmr/m/n on input line 12.
LaTeX Font Info:    ... okay on input line 12.
LaTeX Font Info:    Checking defaults for OT1/cmr/m/n on input line 12.
LaTeX Font Info:    ... okay on input line 12.
LaTeX Font Info:    Checking defaults for OMS/cmsy/m/n on input line 12.
LaTeX Font Info:    ... okay on input line 12.
LaTeX Font Info:    Checking defaults for OMX/cmex/m/n on input line 12.
LaTeX Font Info:    ... okay on input line 12.
LaTeX Font Info:    Checking defaults for U/cmr/m/n on input line 12.
LaTeX Font Info:    ... okay on input line 12.
 (/usr/share/texmf-texlive/tex/context/base/supp-pdf.mkii
[Loading MPS to PDF converter (version 2006.09.02).]
\scratchcounter=\count94
\scratchdimen=\dimen111
\scratchbox=\box26
\nofMPsegments=\count95
\nofMParguments=\count96
\everyMPshowfont=\toks19
\MPscratchCnt=\count97
\MPscratchDim=\dimen112
\MPnumerator=\count98
\everyMPtoPDFconversion=\toks20
)
Package caption Info: Begin \AtBeginDocument code.
Package caption Info: End \AtBeginDocument code.
LaTeX Font Info:    External font `cmex10' loaded for size
(Font)              <12> on input line 13.
LaTeX Font Info:    External font `cmex10' loaded for size
(Font)              <8> on input line 13.
LaTeX Font Info:    External font `cmex10' loaded for size
(Font)              <6> on input line 13.
\openout3 = `main1.py'.

\openout4 = `latex.py'.

runsystem(cat  main1.py | /usr/bin/env python > main1.py.out 2> main1.py.err; e
cho -n $? > main1.rc)...executed.

 (./main1.py.out
<apple/Red_Delicious_Simulated/automatic/Red_Delicious_Thinned_Stratified_(Hand
_+_Image)_r_sq_0_72.png, id=1, 578.16pt x 433.62pt>
File: apple/Red_Delicious_Simulated/automatic/Red_Delicious_Thinned_Stratified_
(Hand_+_Image)_r_sq_0_72.png Graphic file (type png)

<use apple/Red_Delicious_Simulated/automatic/Red_Delicious_Thinned_Stratified_(
Hand_+_Image)_r_sq_0_72.png>
<grape/PN_Simulated/automatic/Pinot_Noir_Stratified_(Hand_+_Image)_r_sq_0_36.pn
g, id=2, 578.16pt x 433.62pt>
File: grape/PN_Simulated/automatic/Pinot_Noir_Stratified_(Hand_+_Image)_r_sq_0_
36.png Graphic file (type png)

<use grape/PN_Simulated/automatic/Pinot_Noir_Stratified_(Hand_+_Image)_r_sq_0_3
6.png> [1

{/var/lib/texmf/fonts/map/pdftex/updmap/pdftex.map} <./apple/Red_Delicious_Simu
lated/automatic/Red_Delicious_Thinned_Stratified_(Hand_+_Image)_r_sq_0_72.png (
PNG copy)> <./grape/PN_Simulated/automatic/Pinot_Noir_Stratified_(Hand_+_Image)
_r_sq_0_36.png (PNG copy)>]
<apple/Red_Delicious_Simulated/automatic/Red_Delicious_Thinned_Spatial_(Hand_+_
Image)_r_sq_0_72.png, id=12, 578.16pt x 433.62pt>
File: apple/Red_Delicious_Simulated/automatic/Red_Delicious_Thinned_Spatial_(Ha
nd_+_Image)_r_sq_0_72.png Graphic file (type png)

<use apple/Red_Delicious_Simulated/automatic/Red_Delicious_Thinned_Spatial_(Han
d_+_Image)_r_sq_0_72.png>
<apple/Granny_Smith_Simulated/automatic/Granny_Smith_Spatial_(Hand_+_Image)_r_s
q_0_56.png, id=13, 578.16pt x 433.62pt>
File: apple/Granny_Smith_Simulated/automatic/Granny_Smith_Spatial_(Hand_+_Image
)_r_sq_0_56.png Graphic file (type png)

<use apple/Granny_Smith_Simulated/automatic/Granny_Smith_Spatial_(Hand_+_Image)
_r_sq_0_56.png>
<apple/Red_Delicious_Simulated/automatic/Red_Delicious_Thinned_Random_(Hand_Onl
y)_r_sq_0_72.png, id=14, 578.16pt x 433.62pt>
File: apple/Red_Delicious_Simulated/automatic/Red_Delicious_Thinned_Random_(Han
d_Only)_r_sq_0_72.png Graphic file (type png)

<use apple/Red_Delicious_Simulated/automatic/Red_Delicious_Thinned_Random_(Hand
_Only)_r_sq_0_72.png>
<grape/PS_Simulated/automatic/Petite_Syrah_Random_(Hand_Only)_r_sq_0_33.png, id
=15, 578.16pt x 433.62pt>
File: grape/PS_Simulated/automatic/Petite_Syrah_Random_(Hand_Only)_r_sq_0_33.pn
g Graphic file (type png)

<use grape/PS_Simulated/automatic/Petite_Syrah_Random_(Hand_Only)_r_sq_0_33.png
> [2 <./apple/Red_Delicious_Simulated/automatic/Red_Delicious_Thinned_Spatial_(
Hand_+_Image)_r_sq_0_72.png (PNG copy)> <./apple/Granny_Smith_Simulated/automat
ic/Granny_Smith_Spatial_(Hand_+_Image)_r_sq_0_56.png (PNG copy)> <./apple/Red_D
elicious_Simulated/automatic/Red_Delicious_Thinned_Random_(Hand_Only)_r_sq_0_72
.png (PNG copy)> <./grape/PS_Simulated/automatic/Petite_Syrah_Random_(Hand_Only
)_r_sq_0_33.png (PNG copy)>]
<grape/PS_Simulated/automatic/Petite_Syrah_Random:_Regression_(Hand_+_Image)_r_
sq_0_33.png, id=19, 578.16pt x 433.62pt>
File: grape/PS_Simulated/automatic/Petite_Syrah_Random:_Regression_(Hand_+_Imag
e)_r_sq_0_33.png Graphic file (type png)

<use grape/PS_Simulated/automatic/Petite_Syrah_Random:_Regression_(Hand_+_Image
)_r_sq_0_33.png>
<grape/Chardonnay_2013_Simulated/automatic/Chardonnay_2013_Random:_Regression_(
Hand_+_Image)_r_sq_0_50.png, id=20, 578.16pt x 433.62pt>
File: grape/Chardonnay_2013_Simulated/automatic/Chardonnay_2013_Random:_Regress
ion_(Hand_+_Image)_r_sq_0_50.png Graphic file (type png)

<use grape/Chardonnay_2013_Simulated/automatic/Chardonnay_2013_Random:_Regressi
on_(Hand_+_Image)_r_sq_0_50.png>
<apple/Red_Delicious_Simulated/automatic/Red_Delicious_Thinned_Random:_Regressi
on_(Hand_+_Image)_r_sq_0_72.png, id=21, 578.16pt x 433.62pt>
File: apple/Red_Delicious_Simulated/automatic/Red_Delicious_Thinned_Random:_Reg
ression_(Hand_+_Image)_r_sq_0_72.png Graphic file (type png)

<use apple/Red_Delicious_Simulated/automatic/Red_Delicious_Thinned_Random:_Regr
ession_(Hand_+_Image)_r_sq_0_72.png>
<apple/Granny_Smith_Simulated/automatic/Granny_Smith_Random:_Regression_(Hand_+
_Image)_r_sq_0_56.png, id=22, 578.16pt x 433.62pt>
File: apple/Granny_Smith_Simulated/automatic/Granny_Smith_Random:_Regression_(H
and_+_Image)_r_sq_0_56.png Graphic file (type png)

<use apple/Granny_Smith_Simulated/automatic/Granny_Smith_Random:_Regression_(Ha
nd_+_Image)_r_sq_0_56.png> [3 <./grape/PS_Simulated/automatic/Petite_Syrah_Rand
om:_Regression_(Hand_+_Image)_r_sq_0_33.png (PNG copy)> <./grape/Chardonnay_201
3_Simulated/automatic/Chardonnay_2013_Random:_Regression_(Hand_+_Image)_r_sq_0_
50.png (PNG copy)> <./apple/Red_Delicious_Simulated/automatic/Red_Delicious_Thi
nned_Random:_Regression_(Hand_+_Image)_r_sq_0_72.png (PNG copy)> <./apple/Grann
y_Smith_Simulated/automatic/Granny_Smith_Random:_Regression_(Hand_+_Image)_r_sq
_0_56.png (PNG copy)>]
File: apple/Red_Delicious_Simulated/automatic/Red_Delicious_Thinned_Random_(Han
d_Only)_r_sq_0_72.png Graphic file (type png)

<use apple/Red_Delicious_Simulated/automatic/Red_Delicious_Thinned_Random_(Hand
_Only)_r_sq_0_72.png>
<apple/Red_Delicious_Simulated/automatic/Red_Delicious_Thinned_Simulated_(Hand_
Only)_r_sq_0_72.png, id=26, 578.16pt x 433.62pt>
File: apple/Red_Delicious_Simulated/automatic/Red_Delicious_Thinned_Simulated_(
Hand_Only)_r_sq_0_72.png Graphic file (type png)

<use apple/Red_Delicious_Simulated/automatic/Red_Delicious_Thinned_Simulated_(H
and_Only)_r_sq_0_72.png>
File: grape/PS_Simulated/automatic/Petite_Syrah_Random:_Regression_(Hand_+_Imag
e)_r_sq_0_33.png Graphic file (type png)

<use grape/PS_Simulated/automatic/Petite_Syrah_Random:_Regression_(Hand_+_Image
)_r_sq_0_33.png>
File: grape/PS_Simulated/automatic/Petite_Syrah_Random:_Regression_(Hand_+_Imag
e)_r_sq_0_33.png Graphic file (type png)

<use grape/PS_Simulated/automatic/Petite_Syrah_Random:_Regression_(Hand_+_Image
)_r_sq_0_33.png> [4 <./apple/Red_Delicious_Simulated/automatic/Red_Delicious_Th
inned_Simulated_(Hand_Only)_r_sq_0_72.png (PNG copy)>]
<apple/Granny_Smith_Simulated/automatic/Granny_Smith_Simulated:_Scaling_Factor:
_(Hand_+_Image)_r_sq_0_56.png, id=30, 578.16pt x 433.62pt>
File: apple/Granny_Smith_Simulated/automatic/Granny_Smith_Simulated:_Scaling_Fa
ctor:_(Hand_+_Image)_r_sq_0_56.png Graphic file (type png)

<use apple/Granny_Smith_Simulated/automatic/Granny_Smith_Simulated:_Scaling_Fac
tor:_(Hand_+_Image)_r_sq_0_56.png> [5 <./apple/Granny_Smith_Simulated/automatic
/Granny_Smith_Simulated:_Scaling_Factor:_(Hand_+_Image)_r_sq_0_56.png (PNG copy
)>]
<grape/Chardonnay_2013_r_squared/automatic/Chardonnay_2013_Simulated:_Regressio
n_(Hand_+_Image)_r_sq_0_50.png, id=34, 578.16pt x 433.62pt>
File: grape/Chardonnay_2013_r_squared/automatic/Chardonnay_2013_Simulated:_Regr
ession_(Hand_+_Image)_r_sq_0_50.png Graphic file (type png)

<use grape/Chardonnay_2013_r_squared/automatic/Chardonnay_2013_Simulated:_Regre
ssion_(Hand_+_Image)_r_sq_0_50.png>
! Missing $ inserted.
<inserted text> 
                $
l.170 \caption{Petite Syrah: R^2: 0.50}
                                       
? 
LaTeX Font Info:    External font `cmex10' loaded for size
(Font)              
<9> on input line 170.
LaTeX Font Info:    External font `cmex10' loaded for size
(Font)              
<5> on input line 170.
! Missing $ inserted.
<inserted text> 
                $
l.170 \caption{Petite Syrah: R^2: 0.50}
                                       
? 
! Missing $ inserted.
<inserted text> 
                $
l.170 \caption{Petite Syrah: R^2: 0.50}
                                       
? 
! Missing $ inserted.
<inserted text> 
                $
l.170 \caption{Petite Syrah: R^2: 0.50}
                                       
? 

<grape/Chardonnay_2013_r_squared/automatic/Chardonnay_2013_Simulated:_Regressio
n_(Hand_+_Image)_r_sq_0_93.png, id=35, 578.16pt x 433.62pt>
File: grape/Chardonnay_2013_r_squared/automatic/Chardonnay_2013_Simulated:_Regr
ession_(Hand_+_Image)_r_sq_0_93.png Graphic file (type png)

<use grape/Chardonnay_2013_r_squared/automatic/Chardonnay_2013_Simulated:_Regre
ssion_(Hand_+_Image)_r_sq_0_93.png>
! Missing $ inserted.
<inserted text> 
                $
l.175 \caption{Petite Syrah: R^2: 0.93}
                                       
? 
! Missing $ inserted.
<inserted text> 
                $
l.175 \caption{Petite Syrah: R^2: 0.93}
                                       
? 
! Missing $ inserted.
<inserted text> 
                $
l.175 \caption{Petite Syrah: R^2: 0.93}
                                       
? 
! Missing $ inserted.
<inserted text> 
                $
l.175 \caption{Petite Syrah: R^2: 0.93}
                                       
? 

<grape/Chardonnay_2013_r_squared/automatic/Chardonnay_2013_Simulated:_Regressio
n_(Hand_+_Image)_r_sq_0_97.png, id=36, 578.16pt x 433.62pt>
File: grape/Chardonnay_2013_r_squared/automatic/Chardonnay_2013_Simulated:_Regr
ession_(Hand_+_Image)_r_sq_0_97.png Graphic file (type png)

<use grape/Chardonnay_2013_r_squared/automatic/Chardonnay_2013_Simulated:_Regre
ssion_(Hand_+_Image)_r_sq_0_97.png>
! Missing $ inserted.
<inserted text> 
                $
l.185 \caption{Petite Syrah: R^2: 0.97}
                                       
? 
! Missing $ inserted.
<inserted text> 
                $
l.185 \caption{Petite Syrah: R^2: 0.97}
                                       
? 
! Missing $ inserted.
<inserted text> 
                $
l.185 \caption{Petite Syrah: R^2: 0.97}
                                       
? 
! Missing $ inserted.
<inserted text> 
                $
l.185 \caption{Petite Syrah: R^2: 0.97}
                                       
? 

<grape/Chardonnay_2013_r_squared/automatic/Chardonnay_2013_Simulated:_Regressio
n_(Hand_+_Image)_r_sq_0_99.png, id=37, 578.16pt x 433.62pt>
File: grape/Chardonnay_2013_r_squared/automatic/Chardonnay_2013_Simulated:_Regr
ession_(Hand_+_Image)_r_sq_0_99.png Graphic file (type png)

<use grape/Chardonnay_2013_r_squared/automatic/Chardonnay_2013_Simulated:_Regre
ssion_(Hand_+_Image)_r_sq_0_99.png>
! Missing $ inserted.
<inserted text> 
                $
l.190 \caption{Petite Syrah: R^2: 0.99}
                                       
? 
! Missing $ inserted.
<inserted text> 
                $
l.190 \caption{Petite Syrah: R^2: 0.99}
                                       
? 
! Missing $ inserted.
<inserted text> 
                $
l.190 \caption{Petite Syrah: R^2: 0.99}
                                       
? 
! Missing $ inserted.
<inserted text> 
                $
l.190 \caption{Petite Syrah: R^2: 0.99}
                                       
? 
[6 <./grape/Chardonnay_2013_r_squared/automatic/Chardonnay_2013_Simulated:_Regr
ession_(Hand_+_Image)_r_sq_0_50.png (PNG copy)> <./grape/Chardonnay_2013_r_squa
red/automatic/Chardonnay_2013_Simulated:_Regression_(Hand_+_Image)_r_sq_0_93.pn
g (PNG copy)> <./grape/Chardonnay_2013_r_squared/automatic/Chardonnay_2013_Simu
lated:_Regression_(Hand_+_Image)_r_sq_0_97.png (PNG copy)> <./grape/Chardonnay_
2013_r_squared/automatic/Chardonnay_2013_Simulated:_Regression_(Hand_+_Image)_r
_sq_0_99.png (PNG copy)>]
<correlation/correlation_btw_algorithm_and_ground_counts.png, id=43, 449.68pt x
 337.26pt>
File: correlation/correlation_btw_algorithm_and_ground_counts.png Graphic file 
(type png)
 <use correlation/correlation_btw_algorithm_and_ground_counts.png>
<correlation/correlation_btw_algorithm_and_ground_counts_wider_smoothing_area_o
nly_over_rows.png, id=44, 449.68pt x 337.26pt>
File: correlation/correlation_btw_algorithm_and_ground_counts_wider_smoothing_a
rea_only_over_rows.png Graphic file (type png)

<use correlation/correlation_btw_algorithm_and_ground_counts_wider_smoothing_ar
ea_only_over_rows.png> [7 <./correlation/correlation_btw_algorithm_and_ground_c
ounts.png (PNG copy)> <./correlation/correlation_btw_algorithm_and_ground_count
s_wider_smoothing_area_only_over_rows.png (PNG copy)>]) [8] (./main.aux)

LaTeX Warning: There were multiply-defined labels.

 ) 
Here is how much of TeX's memory you used:
 2853 strings out of 495061
 48075 string characters out of 1182622
 110746 words of memory out of 3000000
 5973 multiletter control sequences out of 15000+50000
 8499 words of font info for 30 fonts, out of 3000000 for 9000
 28 hyphenation exceptions out of 8191
 36i,9n,38p,1489b,508s stack positions out of 5000i,500n,10000p,200000b,50000s
</usr/share/texmf-texlive/fonts/type1/public/amsfonts/cm/cmbx12.pfb></usr/sha
re/texmf-texlive/fonts/type1/public/amsfonts/cm/cmmi9.pfb></usr/share/texmf-tex
live/fonts/type1/public/amsfonts/cm/cmr10.pfb></usr/share/texmf-texlive/fonts/t
ype1/public/amsfonts/cm/cmr12.pfb></usr/share/texmf-texlive/fonts/type1/public/
amsfonts/cm/cmr17.pfb></usr/share/texmf-texlive/fonts/type1/public/amsfonts/cm/
cmr6.pfb></usr/share/texmf-texlive/fonts/type1/public/amsfonts/cm/cmr9.pfb>
Output written on main.pdf (8 pages, 529389 bytes).
PDF statistics:
 75 PDF objects out of 1000 (max. 8388607)
 0 named destinations out of 1000 (max. 500000)
 91 words of extra memory for PDF output out of 10000 (max. 10000000)

